[2024-11-01T13:48:45.670+0000] {taskinstance.py:1969} INFO - Dependencies not met for <TaskInstance: updating_stock_data.get_data scheduled__2024-09-30T00:00:00+00:00 [success]>, dependency 'Task Instance State' FAILED: Task is in the 'success' state.
[2024-11-01T13:48:45.681+0000] {local_task_job_runner.py:160} INFO - Task is not able to be run
[2024-11-01T13:48:45.683+0000] {taskinstance.py:1969} INFO - Dependencies not met for <TaskInstance: updating_stock_data.get_data scheduled__2024-09-30T00:00:00+00:00 [success]>, dependency 'Task Instance State' FAILED: Task is in the 'success' state.
[2024-11-01T13:48:45.696+0000] {local_task_job_runner.py:160} INFO - Task is not able to be run
[2024-11-01T13:48:45.698+0000] {taskinstance.py:1969} INFO - Dependencies not met for <TaskInstance: updating_stock_data.get_data scheduled__2024-09-30T00:00:00+00:00 [success]>, dependency 'Task Instance State' FAILED: Task is in the 'success' state.
[2024-11-01T13:48:45.715+0000] {local_task_job_runner.py:160} INFO - Task is not able to be run
[2024-11-01T13:48:46.035+0000] {taskinstance.py:1969} INFO - Dependencies not met for <TaskInstance: updating_stock_data.get_data scheduled__2024-09-30T00:00:00+00:00 [success]>, dependency 'Task Instance State' FAILED: Task is in the 'success' state.
[2024-11-01T13:48:46.065+0000] {local_task_job_runner.py:160} INFO - Task is not able to be run
[2024-11-01T13:48:46.505+0000] {taskinstance.py:1969} INFO - Dependencies not met for <TaskInstance: updating_stock_data.get_data scheduled__2024-09-30T00:00:00+00:00 [success]>, dependency 'Task Instance State' FAILED: Task is in the 'success' state.
[2024-11-01T13:48:46.516+0000] {local_task_job_runner.py:160} INFO - Task is not able to be run
[2024-11-01T13:48:46.518+0000] {taskinstance.py:1969} INFO - Dependencies not met for <TaskInstance: updating_stock_data.get_data scheduled__2024-09-30T00:00:00+00:00 [success]>, dependency 'Task Instance State' FAILED: Task is in the 'success' state.
[2024-11-01T13:48:46.528+0000] {local_task_job_runner.py:160} INFO - Task is not able to be run
[2024-11-01T13:48:46.529+0000] {taskinstance.py:1969} INFO - Dependencies not met for <TaskInstance: updating_stock_data.get_data scheduled__2024-09-30T00:00:00+00:00 [success]>, dependency 'Task Instance State' FAILED: Task is in the 'success' state.
[2024-11-01T13:48:46.539+0000] {local_task_job_runner.py:160} INFO - Task is not able to be run
[2024-11-01T13:48:46.793+0000] {taskinstance.py:1969} INFO - Dependencies not met for <TaskInstance: updating_stock_data.get_data scheduled__2024-09-30T00:00:00+00:00 [success]>, dependency 'Task Instance State' FAILED: Task is in the 'success' state.
[2024-11-01T13:48:46.814+0000] {local_task_job_runner.py:160} INFO - Task is not able to be run
[2024-11-01T13:48:47.178+0000] {taskinstance.py:1969} INFO - Dependencies not met for <TaskInstance: updating_stock_data.get_data scheduled__2024-09-30T00:00:00+00:00 [success]>, dependency 'Task Instance State' FAILED: Task is in the 'success' state.
[2024-11-01T13:48:47.187+0000] {local_task_job_runner.py:160} INFO - Task is not able to be run
[2024-11-01T13:48:47.189+0000] {taskinstance.py:1969} INFO - Dependencies not met for <TaskInstance: updating_stock_data.get_data scheduled__2024-09-30T00:00:00+00:00 [success]>, dependency 'Task Instance State' FAILED: Task is in the 'success' state.
[2024-11-01T13:48:47.198+0000] {local_task_job_runner.py:160} INFO - Task is not able to be run
[2024-11-01T13:48:47.200+0000] {taskinstance.py:1969} INFO - Dependencies not met for <TaskInstance: updating_stock_data.get_data scheduled__2024-09-30T00:00:00+00:00 [success]>, dependency 'Task Instance State' FAILED: Task is in the 'success' state.
[2024-11-01T13:48:47.213+0000] {local_task_job_runner.py:160} INFO - Task is not able to be run
[2024-11-01T13:48:47.510+0000] {taskinstance.py:1969} INFO - Dependencies not met for <TaskInstance: updating_stock_data.get_data scheduled__2024-09-30T00:00:00+00:00 [success]>, dependency 'Task Instance State' FAILED: Task is in the 'success' state.
[2024-11-01T13:48:47.522+0000] {local_task_job_runner.py:160} INFO - Task is not able to be run
[2024-11-01T13:48:47.869+0000] {taskinstance.py:1969} INFO - Dependencies not met for <TaskInstance: updating_stock_data.get_data scheduled__2024-09-30T00:00:00+00:00 [success]>, dependency 'Task Instance State' FAILED: Task is in the 'success' state.
[2024-11-01T13:48:47.879+0000] {local_task_job_runner.py:160} INFO - Task is not able to be run
[2024-11-01T13:48:47.880+0000] {taskinstance.py:1969} INFO - Dependencies not met for <TaskInstance: updating_stock_data.get_data scheduled__2024-09-30T00:00:00+00:00 [success]>, dependency 'Task Instance State' FAILED: Task is in the 'success' state.
[2024-11-01T13:48:47.889+0000] {local_task_job_runner.py:160} INFO - Task is not able to be run
[2024-11-01T13:48:47.891+0000] {taskinstance.py:1969} INFO - Dependencies not met for <TaskInstance: updating_stock_data.get_data scheduled__2024-09-30T00:00:00+00:00 [success]>, dependency 'Task Instance State' FAILED: Task is in the 'success' state.
[2024-11-01T13:48:47.902+0000] {local_task_job_runner.py:160} INFO - Task is not able to be run
[2024-11-01T13:48:48.198+0000] {taskinstance.py:1969} INFO - Dependencies not met for <TaskInstance: updating_stock_data.get_data scheduled__2024-09-30T00:00:00+00:00 [success]>, dependency 'Task Instance State' FAILED: Task is in the 'success' state.
[2024-11-01T13:48:48.212+0000] {local_task_job_runner.py:160} INFO - Task is not able to be run
[2024-11-01T13:48:48.639+0000] {taskinstance.py:1969} INFO - Dependencies not met for <TaskInstance: updating_stock_data.get_data scheduled__2024-09-30T00:00:00+00:00 [success]>, dependency 'Task Instance State' FAILED: Task is in the 'success' state.
[2024-11-01T13:48:48.649+0000] {local_task_job_runner.py:160} INFO - Task is not able to be run
[2024-11-01T13:48:48.650+0000] {taskinstance.py:1969} INFO - Dependencies not met for <TaskInstance: updating_stock_data.get_data scheduled__2024-09-30T00:00:00+00:00 [success]>, dependency 'Task Instance State' FAILED: Task is in the 'success' state.
[2024-11-01T13:48:48.660+0000] {local_task_job_runner.py:160} INFO - Task is not able to be run
[2024-11-01T13:48:48.661+0000] {taskinstance.py:1969} INFO - Dependencies not met for <TaskInstance: updating_stock_data.get_data scheduled__2024-09-30T00:00:00+00:00 [success]>, dependency 'Task Instance State' FAILED: Task is in the 'success' state.
[2024-11-01T13:48:48.671+0000] {local_task_job_runner.py:160} INFO - Task is not able to be run
[2024-11-01T13:48:49.294+0000] {taskinstance.py:1969} INFO - Dependencies not met for <TaskInstance: updating_stock_data.get_data scheduled__2024-09-30T00:00:00+00:00 [success]>, dependency 'Task Instance State' FAILED: Task is in the 'success' state.
[2024-11-01T13:48:49.304+0000] {local_task_job_runner.py:160} INFO - Task is not able to be run
[2024-11-01T13:48:49.313+0000] {taskinstance.py:1969} INFO - Dependencies not met for <TaskInstance: updating_stock_data.get_data scheduled__2024-09-30T00:00:00+00:00 [success]>, dependency 'Task Instance State' FAILED: Task is in the 'success' state.
[2024-11-01T13:48:49.326+0000] {local_task_job_runner.py:160} INFO - Task is not able to be run
[2024-11-01T13:48:49.978+0000] {taskinstance.py:1969} INFO - Dependencies not met for <TaskInstance: updating_stock_data.get_data scheduled__2024-09-30T00:00:00+00:00 [success]>, dependency 'Task Instance State' FAILED: Task is in the 'success' state.
[2024-11-01T13:48:49.989+0000] {local_task_job_runner.py:160} INFO - Task is not able to be run
[2024-11-01T13:48:50.658+0000] {taskinstance.py:1969} INFO - Dependencies not met for <TaskInstance: updating_stock_data.get_data scheduled__2024-09-30T00:00:00+00:00 [success]>, dependency 'Task Instance State' FAILED: Task is in the 'success' state.
[2024-11-01T13:48:50.668+0000] {local_task_job_runner.py:160} INFO - Task is not able to be run
[2024-11-01T13:48:50.669+0000] {taskinstance.py:1969} INFO - Dependencies not met for <TaskInstance: updating_stock_data.get_data scheduled__2024-09-30T00:00:00+00:00 [success]>, dependency 'Task Instance State' FAILED: Task is in the 'success' state.
[2024-11-01T13:48:50.680+0000] {local_task_job_runner.py:160} INFO - Task is not able to be run
[2024-11-01T13:48:51.378+0000] {taskinstance.py:1969} INFO - Dependencies not met for <TaskInstance: updating_stock_data.get_data scheduled__2024-09-30T00:00:00+00:00 [success]>, dependency 'Task Instance State' FAILED: Task is in the 'success' state.
[2024-11-01T13:48:51.390+0000] {local_task_job_runner.py:160} INFO - Task is not able to be run
[2024-11-01T13:48:51.392+0000] {taskinstance.py:1969} INFO - Dependencies not met for <TaskInstance: updating_stock_data.get_data scheduled__2024-09-30T00:00:00+00:00 [success]>, dependency 'Task Instance State' FAILED: Task is in the 'success' state.
[2024-11-01T13:48:51.403+0000] {local_task_job_runner.py:160} INFO - Task is not able to be run
[2024-11-01T13:48:51.405+0000] {taskinstance.py:1969} INFO - Dependencies not met for <TaskInstance: updating_stock_data.get_data scheduled__2024-09-30T00:00:00+00:00 [success]>, dependency 'Task Instance State' FAILED: Task is in the 'success' state.
[2024-11-01T13:48:51.419+0000] {local_task_job_runner.py:160} INFO - Task is not able to be run
[2024-11-01T13:48:52.057+0000] {taskinstance.py:1969} INFO - Dependencies not met for <TaskInstance: updating_stock_data.get_data scheduled__2024-09-30T00:00:00+00:00 [success]>, dependency 'Task Instance State' FAILED: Task is in the 'success' state.
[2024-11-01T13:48:52.067+0000] {local_task_job_runner.py:160} INFO - Task is not able to be run
[2024-11-01T13:48:52.783+0000] {taskinstance.py:1969} INFO - Dependencies not met for <TaskInstance: updating_stock_data.get_data scheduled__2024-09-30T00:00:00+00:00 [success]>, dependency 'Task Instance State' FAILED: Task is in the 'success' state.
[2024-11-01T13:48:52.797+0000] {local_task_job_runner.py:160} INFO - Task is not able to be run
[2024-11-01T13:48:53.253+0000] {taskinstance.py:1969} INFO - Dependencies not met for <TaskInstance: updating_stock_data.get_data scheduled__2024-09-30T00:00:00+00:00 [success]>, dependency 'Task Instance State' FAILED: Task is in the 'success' state.
[2024-11-01T13:48:53.271+0000] {local_task_job_runner.py:160} INFO - Task is not able to be run
[2024-11-01T13:48:53.586+0000] {taskinstance.py:1969} INFO - Dependencies not met for <TaskInstance: updating_stock_data.get_data scheduled__2024-09-30T00:00:00+00:00 [success]>, dependency 'Task Instance State' FAILED: Task is in the 'success' state.
[2024-11-01T13:48:53.597+0000] {local_task_job_runner.py:160} INFO - Task is not able to be run
[2024-11-01T13:48:54.344+0000] {taskinstance.py:1969} INFO - Dependencies not met for <TaskInstance: updating_stock_data.get_data scheduled__2024-09-30T00:00:00+00:00 [success]>, dependency 'Task Instance State' FAILED: Task is in the 'success' state.
[2024-11-01T13:48:54.355+0000] {local_task_job_runner.py:160} INFO - Task is not able to be run
[2024-11-01T13:48:55.014+0000] {taskinstance.py:1969} INFO - Dependencies not met for <TaskInstance: updating_stock_data.get_data scheduled__2024-09-30T00:00:00+00:00 [success]>, dependency 'Task Instance State' FAILED: Task is in the 'success' state.
[2024-11-01T13:48:55.025+0000] {local_task_job_runner.py:160} INFO - Task is not able to be run
[2024-11-01T13:48:56.087+0000] {taskinstance.py:1969} INFO - Dependencies not met for <TaskInstance: updating_stock_data.get_data scheduled__2024-09-30T00:00:00+00:00 [success]>, dependency 'Task Instance State' FAILED: Task is in the 'success' state.
[2024-11-01T13:48:56.121+0000] {local_task_job_runner.py:160} INFO - Task is not able to be run
[2024-11-01T13:48:56.141+0000] {taskinstance.py:1969} INFO - Dependencies not met for <TaskInstance: updating_stock_data.get_data scheduled__2024-09-30T00:00:00+00:00 [success]>, dependency 'Task Instance State' FAILED: Task is in the 'success' state.
[2024-11-01T13:48:56.160+0000] {local_task_job_runner.py:160} INFO - Task is not able to be run
[2024-11-01T13:48:56.943+0000] {taskinstance.py:1969} INFO - Dependencies not met for <TaskInstance: updating_stock_data.get_data scheduled__2024-09-30T00:00:00+00:00 [success]>, dependency 'Task Instance State' FAILED: Task is in the 'success' state.
[2024-11-01T13:48:56.953+0000] {local_task_job_runner.py:160} INFO - Task is not able to be run
[2024-11-01T13:48:57.345+0000] {taskinstance.py:1969} INFO - Dependencies not met for <TaskInstance: updating_stock_data.get_data scheduled__2024-09-30T00:00:00+00:00 [success]>, dependency 'Task Instance State' FAILED: Task is in the 'success' state.
[2024-11-01T13:48:57.355+0000] {local_task_job_runner.py:160} INFO - Task is not able to be run
[2024-11-01T13:48:57.595+0000] {taskinstance.py:1969} INFO - Dependencies not met for <TaskInstance: updating_stock_data.get_data scheduled__2024-09-30T00:00:00+00:00 [success]>, dependency 'Task Instance State' FAILED: Task is in the 'success' state.
[2024-11-01T13:48:57.606+0000] {local_task_job_runner.py:160} INFO - Task is not able to be run
[2024-11-01T13:48:58.210+0000] {taskinstance.py:1969} INFO - Dependencies not met for <TaskInstance: updating_stock_data.get_data scheduled__2024-09-30T00:00:00+00:00 [success]>, dependency 'Task Instance State' FAILED: Task is in the 'success' state.
[2024-11-01T13:48:58.220+0000] {local_task_job_runner.py:160} INFO - Task is not able to be run
[2024-11-01T13:48:58.958+0000] {taskinstance.py:1969} INFO - Dependencies not met for <TaskInstance: updating_stock_data.get_data scheduled__2024-09-30T00:00:00+00:00 [success]>, dependency 'Task Instance State' FAILED: Task is in the 'success' state.
[2024-11-01T13:48:58.987+0000] {local_task_job_runner.py:160} INFO - Task is not able to be run
[2024-11-01T13:48:59.869+0000] {taskinstance.py:1969} INFO - Dependencies not met for <TaskInstance: updating_stock_data.get_data scheduled__2024-09-30T00:00:00+00:00 [success]>, dependency 'Task Instance State' FAILED: Task is in the 'success' state.
[2024-11-01T13:48:59.881+0000] {local_task_job_runner.py:160} INFO - Task is not able to be run
[2024-11-01T13:49:00.397+0000] {taskinstance.py:1969} INFO - Dependencies not met for <TaskInstance: updating_stock_data.get_data scheduled__2024-09-30T00:00:00+00:00 [success]>, dependency 'Task Instance State' FAILED: Task is in the 'success' state.
[2024-11-01T13:49:00.407+0000] {local_task_job_runner.py:160} INFO - Task is not able to be run
[2024-11-01T13:49:00.625+0000] {taskinstance.py:1969} INFO - Dependencies not met for <TaskInstance: updating_stock_data.get_data scheduled__2024-09-30T00:00:00+00:00 [success]>, dependency 'Task Instance State' FAILED: Task is in the 'success' state.
[2024-11-01T13:49:00.636+0000] {local_task_job_runner.py:160} INFO - Task is not able to be run
[2024-11-01T13:49:01.393+0000] {taskinstance.py:1969} INFO - Dependencies not met for <TaskInstance: updating_stock_data.get_data scheduled__2024-09-30T00:00:00+00:00 [success]>, dependency 'Task Instance State' FAILED: Task is in the 'success' state.
[2024-11-01T13:49:01.402+0000] {local_task_job_runner.py:160} INFO - Task is not able to be run
[2024-11-01T13:49:02.058+0000] {taskinstance.py:1969} INFO - Dependencies not met for <TaskInstance: updating_stock_data.get_data scheduled__2024-09-30T00:00:00+00:00 [success]>, dependency 'Task Instance State' FAILED: Task is in the 'success' state.
[2024-11-01T13:49:02.068+0000] {local_task_job_runner.py:160} INFO - Task is not able to be run
[2024-11-01T13:49:02.795+0000] {taskinstance.py:1969} INFO - Dependencies not met for <TaskInstance: updating_stock_data.get_data scheduled__2024-09-30T00:00:00+00:00 [success]>, dependency 'Task Instance State' FAILED: Task is in the 'success' state.
[2024-11-01T13:49:02.807+0000] {local_task_job_runner.py:160} INFO - Task is not able to be run
[2024-11-01T13:49:02.808+0000] {taskinstance.py:1969} INFO - Dependencies not met for <TaskInstance: updating_stock_data.get_data scheduled__2024-09-30T00:00:00+00:00 [success]>, dependency 'Task Instance State' FAILED: Task is in the 'success' state.
[2024-11-01T13:49:02.821+0000] {local_task_job_runner.py:160} INFO - Task is not able to be run
[2024-11-01T14:03:29.974+0000] {taskinstance.py:1979} INFO - Dependencies all met for dep_context=non-requeueable deps ti=<TaskInstance: updating_stock_data.get_data scheduled__2024-09-30T00:00:00+00:00 [queued]>
[2024-11-01T14:03:29.984+0000] {taskinstance.py:1979} INFO - Dependencies all met for dep_context=requeueable deps ti=<TaskInstance: updating_stock_data.get_data scheduled__2024-09-30T00:00:00+00:00 [queued]>
[2024-11-01T14:03:29.985+0000] {taskinstance.py:2193} INFO - Starting attempt 2 of 3
[2024-11-01T14:03:30.000+0000] {taskinstance.py:2217} INFO - Executing <Task(_PythonDecoratedOperator): get_data> on 2024-09-30 00:00:00+00:00
[2024-11-01T14:03:30.006+0000] {standard_task_runner.py:60} INFO - Started process 866 to run task
[2024-11-01T14:03:30.012+0000] {standard_task_runner.py:87} INFO - Running: ['airflow', 'tasks', 'run', 'updating_stock_data', 'get_data', 'scheduled__2024-09-30T00:00:00+00:00', '--job-id', '160', '--raw', '--subdir', 'DAGS_FOLDER/polars_postgres.py', '--cfg-path', '/tmp/tmpmspegtmz']
[2024-11-01T14:03:30.013+0000] {standard_task_runner.py:88} INFO - Job 160: Subtask get_data
[2024-11-01T14:03:30.078+0000] {task_command.py:423} INFO - Running <TaskInstance: updating_stock_data.get_data scheduled__2024-09-30T00:00:00+00:00 [running]> on host 07e6c451f8a5
[2024-11-01T14:03:30.174+0000] {taskinstance.py:2513} INFO - Exporting env vars: AIRFLOW_CTX_DAG_OWNER='airflow_development' AIRFLOW_CTX_DAG_ID='updating_stock_data' AIRFLOW_CTX_TASK_ID='get_data' AIRFLOW_CTX_EXECUTION_DATE='2024-09-30T00:00:00+00:00' AIRFLOW_CTX_TRY_NUMBER='2' AIRFLOW_CTX_DAG_RUN_ID='scheduled__2024-09-30T00:00:00+00:00'
[2024-11-01T14:03:30.177+0000] {logging_mixin.py:188} INFO - Error: Invalid URL 'None': No scheme supplied. Perhaps you meant https://None?
[2024-11-01T14:03:30.178+0000] {python.py:202} INFO - Done. Returned value was: {}
[2024-11-01T14:03:30.202+0000] {taskinstance.py:1149} INFO - Marking task as SUCCESS. dag_id=updating_stock_data, task_id=get_data, execution_date=20240930T000000, start_date=20241101T140329, end_date=20241101T140330
[2024-11-01T14:03:30.224+0000] {local_task_job_runner.py:234} INFO - Task exited with return code 0
[2024-11-01T14:03:30.255+0000] {taskinstance.py:3312} INFO - 1 downstream tasks scheduled from follow-on schedule check
