[2024-11-01T13:48:44.551+0000] {taskinstance.py:1979} INFO - Dependencies all met for dep_context=non-requeueable deps ti=<TaskInstance: updating_stock_data.get_data scheduled__2024-09-30T00:00:00+00:00 [queued]>
[2024-11-01T13:48:44.563+0000] {taskinstance.py:1979} INFO - Dependencies all met for dep_context=requeueable deps ti=<TaskInstance: updating_stock_data.get_data scheduled__2024-09-30T00:00:00+00:00 [queued]>
[2024-11-01T13:48:44.564+0000] {taskinstance.py:2193} INFO - Starting attempt 1 of 2
[2024-11-01T13:48:44.595+0000] {taskinstance.py:2217} INFO - Executing <Task(_PythonDecoratedOperator): get_data> on 2024-09-30 00:00:00+00:00
[2024-11-01T13:48:44.597+0000] {taskinstance.py:1969} INFO - Dependencies not met for <TaskInstance: updating_stock_data.get_data scheduled__2024-09-30T00:00:00+00:00 [running]>, dependency 'Task Instance State' FAILED: Task is in the 'running' state.
[2024-11-01T13:48:44.606+0000] {taskinstance.py:1969} INFO - Dependencies not met for <TaskInstance: updating_stock_data.get_data scheduled__2024-09-30T00:00:00+00:00 [running]>, dependency 'Task Instance Not Running' FAILED: Task is in the running state
[2024-11-01T13:48:44.605+0000] {standard_task_runner.py:60} INFO - Started process 136 to run task
[2024-11-01T13:48:44.608+0000] {local_task_job_runner.py:160} INFO - Task is not able to be run
[2024-11-01T13:48:44.610+0000] {taskinstance.py:1969} INFO - Dependencies not met for <TaskInstance: updating_stock_data.get_data scheduled__2024-09-30T00:00:00+00:00 [running]>, dependency 'Task Instance State' FAILED: Task is in the 'running' state.
[2024-11-01T13:48:44.610+0000] {standard_task_runner.py:87} INFO - Running: ['airflow', 'tasks', 'run', 'updating_stock_data', 'get_data', 'scheduled__2024-09-30T00:00:00+00:00', '--job-id', '56', '--raw', '--subdir', 'DAGS_FOLDER/polars_postgres.py', '--cfg-path', '/tmp/tmpbcq50841']
[2024-11-01T13:48:44.612+0000] {standard_task_runner.py:88} INFO - Job 56: Subtask get_data
[2024-11-01T13:48:44.622+0000] {taskinstance.py:1969} INFO - Dependencies not met for <TaskInstance: updating_stock_data.get_data scheduled__2024-09-30T00:00:00+00:00 [running]>, dependency 'Task Instance Not Running' FAILED: Task is in the running state
[2024-11-01T13:48:44.625+0000] {local_task_job_runner.py:160} INFO - Task is not able to be run
[2024-11-01T13:48:44.627+0000] {taskinstance.py:1969} INFO - Dependencies not met for <TaskInstance: updating_stock_data.get_data scheduled__2024-09-30T00:00:00+00:00 [running]>, dependency 'Task Instance State' FAILED: Task is in the 'running' state.
[2024-11-01T13:48:44.640+0000] {taskinstance.py:1969} INFO - Dependencies not met for <TaskInstance: updating_stock_data.get_data scheduled__2024-09-30T00:00:00+00:00 [running]>, dependency 'Task Instance Not Running' FAILED: Task is in the running state
[2024-11-01T13:48:44.644+0000] {local_task_job_runner.py:160} INFO - Task is not able to be run
[2024-11-01T13:48:44.695+0000] {task_command.py:423} INFO - Running <TaskInstance: updating_stock_data.get_data scheduled__2024-09-30T00:00:00+00:00 [running]> on host 07e6c451f8a5
[2024-11-01T13:48:44.870+0000] {taskinstance.py:2513} INFO - Exporting env vars: AIRFLOW_CTX_DAG_OWNER='airflow_development' AIRFLOW_CTX_DAG_ID='updating_stock_data' AIRFLOW_CTX_TASK_ID='get_data' AIRFLOW_CTX_EXECUTION_DATE='2024-09-30T00:00:00+00:00' AIRFLOW_CTX_TRY_NUMBER='1' AIRFLOW_CTX_DAG_RUN_ID='scheduled__2024-09-30T00:00:00+00:00'
[2024-11-01T13:48:44.882+0000] {logging_mixin.py:188} INFO - Error: Invalid URL 'None': No scheme supplied. Perhaps you meant https://None?
[2024-11-01T13:48:44.883+0000] {python.py:202} INFO - Done. Returned value was: {}
[2024-11-01T13:48:44.954+0000] {taskinstance.py:1149} INFO - Marking task as SUCCESS. dag_id=updating_stock_data, task_id=get_data, execution_date=20240930T000000, start_date=20241101T134844, end_date=20241101T134844
[2024-11-01T13:48:45.024+0000] {local_task_job_runner.py:234} INFO - Task exited with return code 0
[2024-11-01T13:48:45.114+0000] {taskinstance.py:3312} INFO - 1 downstream tasks scheduled from follow-on schedule check
